<?xml version="1.0" encoding="UTF-8"?>
<testng-results ignored="0" total="1" passed="1" failed="0" skipped="0">
  <reporter-output>
  </reporter-output>
  <suite started-at="2025-06-29T19:26:46 IST" name="Default suite" finished-at="2025-06-29T19:27:17 IST" duration-ms="31227">
    <groups>
    </groups>
    <test started-at="2025-06-29T19:26:46 IST" name="Default test" finished-at="2025-06-29T19:27:17 IST" duration-ms="31227">
      <class name="HomePageTests">
        <test-method signature="verifyOneStopFilterForFlight()[pri:0, instance:HomePageTests@2a65fe7c]" started-at="2025-06-29T19:26:46 IST" name="verifyOneStopFilterForFlight" finished-at="2025-06-29T19:27:17 IST" duration-ms="31162" status="PASS">
          <reporter-output>
          </reporter-output>
        </test-method> <!-- verifyOneStopFilterForFlight -->
      </class> <!-- HomePageTests -->
    </test> <!-- Default test -->
  </suite> <!-- Default suite -->
</testng-results>
